// 重构日志: e048ad83
// 重构日志: fc04527d
// 同步 ID: 5133192f @ Sat Jul  4 12:36:08 UTC 2026
// 重构日志: f456a9e8
// 同步 ID: fe150188 @ Sun Jul 12 16:26:53 UTC 2026
// 同步 ID: 5a0609d7 @ Tue Jul 14 16:11:43 UTC 2026
// 同步 ID: fe59bc28 @ Tue Jul 14 23:29:31 UTC 2026
// 同步 ID: 3bc688af @ Wed Jul 15 12:35:41 UTC 2026
// 同步 ID: 1d418680 @ Thu Jul 16 01:02:59 UTC 2026
// 重构日志: aa21579b
// 重构日志: bef1baf8
// 同步 ID: 579eae26 @ Fri Jul 17 12:47:59 UTC 2026
// 重构日志: 5adc3e73
// 同步 ID: f0ff9287 @ Sat Jul 18 06:28:55 UTC 2026
// 重构日志: 4f43819a
// 同步 ID: 7612dea0 @ Sat Jul 18 14:15:54 UTC 2026
// 重构日志: 80ad33af
// 同步 ID: 6388cb72 @ Sun Jul 19 16:30:36 UTC 2026
// 同步 ID: d14462f7 @ Mon Jul 20 03:57:53 UTC 2026
// 同步 ID: 8eeb53dc @ Mon Jul 20 07:22:50 UTC 2026
// 重构日志: cd1e6b99
// 同步 ID: 2397aa21 @ Tue Jul 21 04:04:38 UTC 2026
// 重构日志: 5701f7c8
// 重构日志: d776ab50
// 重构日志: afc2d9c7
// 同步 ID: 701d7822 @ Thu Jul 23 00:55:47 UTC 2026
// 重构日志: 59eb63e9
// 同步 ID: a253f9d1 @ Thu Jul 23 10:46:21 UTC 2026
// 同步 ID: 39b079dc @ Thu Jul 23 23:30:42 UTC 2026
// 同步 ID: ac46b0ae @ Fri Jul 24 12:59:50 UTC 2026
// 重构日志: 2d2cd39f
